<?xml version="1.0" encoding="UTF-8"?>
<testng-results ignored="0" total="1" passed="1" failed="0" skipped="0">
  <reporter-output>
  </reporter-output>
  <suite started-at="2023-11-27T16:24:29 IST" name="Default suite" finished-at="2023-11-27T16:24:47 IST" duration-ms="17612">
    <groups>
    </groups>
    <test started-at="2023-11-27T16:24:29 IST" name="Default test" finished-at="2023-11-27T16:24:47 IST" duration-ms="17612">
      <class name="TestClass.SwagLabLoginTest1">
        <test-method is-config="true" signature="OpenBrowser()[pri:0, instance:TestClass.SwagLabLoginTest1@3b0fe47a]" started-at="2023-11-27T16:24:30 IST" name="OpenBrowser" finished-at="2023-11-27T16:24:38 IST" duration-ms="8190" status="PASS">
          <reporter-output>
          </reporter-output>
        </test-method> <!-- OpenBrowser -->
        <test-method is-config="true" signature="loginToapp()[pri:0, instance:TestClass.SwagLabLoginTest1@3b0fe47a]" started-at="2023-11-27T16:24:38 IST" name="loginToapp" finished-at="2023-11-27T16:24:42 IST" duration-ms="3865" status="PASS">
          <reporter-output>
          </reporter-output>
        </test-method> <!-- loginToapp -->
        <test-method signature="VerifyTitle()[pri:0, instance:TestClass.SwagLabLoginTest1@3b0fe47a]" started-at="2023-11-27T16:24:42 IST" name="VerifyTitle" finished-at="2023-11-27T16:24:44 IST" duration-ms="2091" status="PASS">
          <reporter-output>
          </reporter-output>
        </test-method> <!-- VerifyTitle -->
        <test-method is-config="true" signature="LogoutApp()[pri:0, instance:TestClass.SwagLabLoginTest1@3b0fe47a]" started-at="2023-11-27T16:24:44 IST" name="LogoutApp" finished-at="2023-11-27T16:24:46 IST" duration-ms="2345" status="PASS">
          <reporter-output>
          </reporter-output>
        </test-method> <!-- LogoutApp -->
        <test-method is-config="true" signature="CloseBrowser()[pri:0, instance:TestClass.SwagLabLoginTest1@3b0fe47a]" started-at="2023-11-27T16:24:46 IST" name="CloseBrowser" finished-at="2023-11-27T16:24:47 IST" duration-ms="926" status="PASS">
          <reporter-output>
          </reporter-output>
        </test-method> <!-- CloseBrowser -->
      </class> <!-- TestClass.SwagLabLoginTest1 -->
    </test> <!-- Default test -->
  </suite> <!-- Default suite -->
</testng-results>
